[0m22:26:24.253680 [debug] [MainThread]: Sending event: {'category': 'dbt', 'action': 'invocation', 'label': 'start', 'context': [<snowplow_tracker.self_describing_json.SelfDescribingJson object at 0x0000027FED1FBB30>, <snowplow_tracker.self_describing_json.SelfDescribingJson object at 0x0000027FEF263FB0>, <snowplow_tracker.self_describing_json.SelfDescribingJson object at 0x0000027FEF835D90>]}


============================== 22:26:24.272707 | 51a27e23-cec4-454e-bd67-0295eb119557 ==============================
[0m22:26:24.272707 [info ] [MainThread]: Running with dbt=1.8.3
[0m22:26:24.274709 [debug] [MainThread]: running dbt with arguments {'printer_width': '80', 'indirect_selection': 'eager', 'log_cache_events': 'False', 'write_json': 'True', 'partial_parse': 'True', 'cache_selected_only': 'False', 'warn_error': 'None', 'fail_fast': 'False', 'version_check': 'True', 'log_path': 'logs', 'profiles_dir': 'C:\\Users\\thiag\\.dbt', 'debug': 'False', 'use_colors': 'True', 'use_experimental_parser': 'False', 'no_print': 'None', 'quiet': 'False', 'empty': 'None', 'log_format': 'default', 'introspect': 'True', 'invocation_command': 'dbt init', 'warn_error_options': 'WarnErrorOptions(include=[], exclude=[])', 'target_path': 'None', 'static_parser': 'True', 'send_anonymous_usage_stats': 'True'}
[0m22:27:16.186146 [debug] [MainThread]: Starter project path: C:\Users\thiag\jornada_de_dados\dbtcore_northwind_model\.venv\Lib\site-packages\dbt\include\starter_project
[0m22:27:16.206629 [info ] [MainThread]: 
Your new dbt project "northwind" was created!

For more information on how to configure the profiles.yml file,
please consult the dbt documentation here:

  https://docs.getdbt.com/docs/configure-your-profile

One more thing:

Need help? Don't hesitate to reach out to us via GitHub issues or on Slack:

  https://community.getdbt.com/

Happy modeling!

[0m22:27:16.209628 [info ] [MainThread]: Setting up your profile.
[0m22:27:50.753815 [info ] [MainThread]: Profile northwind written to C:\Users\thiag\.dbt\profiles.yml using target's profile_template.yml and your supplied values. Run 'dbt debug' to validate the connection.
[0m22:27:50.753815 [debug] [MainThread]: Command `dbt init` succeeded at 22:27:50.753815 after 86.69 seconds
[0m22:27:50.753815 [debug] [MainThread]: Sending event: {'category': 'dbt', 'action': 'invocation', 'label': 'end', 'context': [<snowplow_tracker.self_describing_json.SelfDescribingJson object at 0x0000027FED1FBB30>, <snowplow_tracker.self_describing_json.SelfDescribingJson object at 0x0000027FEF9BC2C0>, <snowplow_tracker.self_describing_json.SelfDescribingJson object at 0x0000027FEFCB1070>]}
[0m22:27:50.753815 [debug] [MainThread]: Flushing usage events
[0m23:33:43.758803 [debug] [MainThread]: Sending event: {'category': 'dbt', 'action': 'invocation', 'label': 'start', 'context': [<snowplow_tracker.self_describing_json.SelfDescribingJson object at 0x0000024A0283EAE0>, <snowplow_tracker.self_describing_json.SelfDescribingJson object at 0x0000024A7F8EEA80>, <snowplow_tracker.self_describing_json.SelfDescribingJson object at 0x0000024A7F8EF050>]}


============================== 23:33:43.775795 | 68646497-f060-434c-8564-1e1f1142d3bb ==============================
[0m23:33:43.775795 [info ] [MainThread]: Running with dbt=1.8.3
[0m23:33:43.775795 [debug] [MainThread]: running dbt with arguments {'printer_width': '80', 'indirect_selection': 'eager', 'write_json': 'True', 'log_cache_events': 'False', 'partial_parse': 'True', 'cache_selected_only': 'False', 'warn_error': 'None', 'debug': 'False', 'version_check': 'True', 'log_path': 'logs', 'fail_fast': 'False', 'profiles_dir': 'C:/Users/thiag/jornada_de_dados/dbtcore_northwind_model', 'use_colors': 'True', 'use_experimental_parser': 'False', 'empty': 'None', 'quiet': 'False', 'no_print': 'None', 'log_format': 'default', 'static_parser': 'True', 'warn_error_options': 'WarnErrorOptions(include=[], exclude=[])', 'invocation_command': 'dbt debug', 'target_path': 'None', 'introspect': 'True', 'send_anonymous_usage_stats': 'True'}
[0m23:33:43.791428 [info ] [MainThread]: dbt version: 1.8.3
[0m23:33:43.791428 [info ] [MainThread]: python version: 3.12.1
[0m23:33:43.791428 [info ] [MainThread]: python path: C:\Users\thiag\jornada_de_dados\dbtcore_northwind_model\.venv\Scripts\python.exe
[0m23:33:43.791428 [info ] [MainThread]: os info: Windows-11-10.0.22000-SP0
[0m23:33:43.809725 [error] [MainThread]: Encountered an error:
Parsing Error
  Env var required but not provided: 'DB_HOST_PROD'
[0m23:33:43.812763 [debug] [MainThread]: Command `dbt debug` failed at 23:33:43.812763 after 0.26 seconds
[0m23:33:43.812763 [debug] [MainThread]: Sending event: {'category': 'dbt', 'action': 'invocation', 'label': 'end', 'context': [<snowplow_tracker.self_describing_json.SelfDescribingJson object at 0x0000024A024B3E00>, <snowplow_tracker.self_describing_json.SelfDescribingJson object at 0x0000024A029AE870>, <snowplow_tracker.self_describing_json.SelfDescribingJson object at 0x0000024A01C73860>]}
[0m23:33:43.814207 [debug] [MainThread]: Flushing usage events
[0m23:34:29.451857 [debug] [MainThread]: Sending event: {'category': 'dbt', 'action': 'invocation', 'label': 'start', 'context': [<snowplow_tracker.self_describing_json.SelfDescribingJson object at 0x00000202A117AE40>, <snowplow_tracker.self_describing_json.SelfDescribingJson object at 0x00000202A2E00110>, <snowplow_tracker.self_describing_json.SelfDescribingJson object at 0x00000202A1992D80>]}


============================== 23:34:29.451857 | 1ea9d13e-357b-41ea-b7c1-7cef25a5f46a ==============================
[0m23:34:29.451857 [info ] [MainThread]: Running with dbt=1.8.3
[0m23:34:29.451857 [debug] [MainThread]: running dbt with arguments {'printer_width': '80', 'indirect_selection': 'eager', 'log_cache_events': 'False', 'write_json': 'True', 'partial_parse': 'True', 'cache_selected_only': 'False', 'profiles_dir': 'C:\\Users\\thiag\\jornada_de_dados\\dbtcore_northwind_model', 'debug': 'False', 'warn_error': 'None', 'log_path': 'logs', 'version_check': 'True', 'fail_fast': 'False', 'use_colors': 'True', 'use_experimental_parser': 'False', 'empty': 'None', 'quiet': 'False', 'no_print': 'None', 'log_format': 'default', 'introspect': 'True', 'static_parser': 'True', 'warn_error_options': 'WarnErrorOptions(include=[], exclude=[])', 'target_path': 'None', 'invocation_command': 'dbt debug', 'send_anonymous_usage_stats': 'True'}
[0m23:34:29.478501 [info ] [MainThread]: dbt version: 1.8.3
[0m23:34:29.478501 [info ] [MainThread]: python version: 3.12.1
[0m23:34:29.478501 [info ] [MainThread]: python path: C:\Users\thiag\jornada_de_dados\dbtcore_northwind_model\.venv\Scripts\python.exe
[0m23:34:29.478501 [info ] [MainThread]: os info: Windows-11-10.0.22000-SP0
[0m23:34:29.478501 [error] [MainThread]: Encountered an error:
Parsing Error
  Env var required but not provided: 'DB_HOST_PROD'
[0m23:34:29.478501 [debug] [MainThread]: Command `dbt debug` failed at 23:34:29.478501 after 0.19 seconds
[0m23:34:29.478501 [debug] [MainThread]: Sending event: {'category': 'dbt', 'action': 'invocation', 'label': 'end', 'context': [<snowplow_tracker.self_describing_json.SelfDescribingJson object at 0x00000202A3A8A4B0>, <snowplow_tracker.self_describing_json.SelfDescribingJson object at 0x00000202A3E63710>, <snowplow_tracker.self_describing_json.SelfDescribingJson object at 0x00000202A3EA09E0>]}
[0m23:34:29.478501 [debug] [MainThread]: Flushing usage events
[0m23:35:47.531193 [debug] [MainThread]: Sending event: {'category': 'dbt', 'action': 'invocation', 'label': 'start', 'context': [<snowplow_tracker.self_describing_json.SelfDescribingJson object at 0x0000026D146258E0>, <snowplow_tracker.self_describing_json.SelfDescribingJson object at 0x0000026D120257F0>, <snowplow_tracker.self_describing_json.SelfDescribingJson object at 0x0000026D0E814410>]}


============================== 23:35:47.531193 | 5f7447fb-370d-4a67-9d67-123d6b98c990 ==============================
[0m23:35:47.531193 [info ] [MainThread]: Running with dbt=1.8.3
[0m23:35:47.531193 [debug] [MainThread]: running dbt with arguments {'printer_width': '80', 'indirect_selection': 'eager', 'write_json': 'True', 'log_cache_events': 'False', 'partial_parse': 'True', 'cache_selected_only': 'False', 'warn_error': 'None', 'debug': 'False', 'version_check': 'True', 'log_path': 'logs', 'fail_fast': 'False', 'profiles_dir': 'C:\\Users\\thiag\\jornada_de_dados\\dbtcore_northwind_model', 'use_colors': 'True', 'use_experimental_parser': 'False', 'no_print': 'None', 'quiet': 'False', 'empty': 'None', 'log_format': 'default', 'introspect': 'True', 'static_parser': 'True', 'warn_error_options': 'WarnErrorOptions(include=[], exclude=[])', 'target_path': 'None', 'invocation_command': 'dbt debug', 'send_anonymous_usage_stats': 'True'}
[0m23:35:47.546837 [info ] [MainThread]: dbt version: 1.8.3
[0m23:35:47.562453 [info ] [MainThread]: python version: 3.12.1
[0m23:35:47.564413 [info ] [MainThread]: python path: C:\Users\thiag\jornada_de_dados\dbtcore_northwind_model\.venv\Scripts\python.exe
[0m23:35:47.565040 [info ] [MainThread]: os info: Windows-11-10.0.22000-SP0
[0m23:35:47.569920 [error] [MainThread]: Encountered an error:
Parsing Error
  Env var required but not provided: 'DB_HOST_PROD'
[0m23:35:47.569920 [debug] [MainThread]: Command `dbt debug` failed at 23:35:47.569920 after 0.20 seconds
[0m23:35:47.569920 [debug] [MainThread]: Sending event: {'category': 'dbt', 'action': 'invocation', 'label': 'end', 'context': [<snowplow_tracker.self_describing_json.SelfDescribingJson object at 0x0000026D1454DEE0>, <snowplow_tracker.self_describing_json.SelfDescribingJson object at 0x0000026D1469B1D0>, <snowplow_tracker.self_describing_json.SelfDescribingJson object at 0x0000026D14B035F0>]}
[0m23:35:47.569920 [debug] [MainThread]: Flushing usage events
[0m23:36:41.266745 [debug] [MainThread]: Sending event: {'category': 'dbt', 'action': 'invocation', 'label': 'start', 'context': [<snowplow_tracker.self_describing_json.SelfDescribingJson object at 0x000001D0E1733230>, <snowplow_tracker.self_describing_json.SelfDescribingJson object at 0x000001D0E08E67E0>, <snowplow_tracker.self_describing_json.SelfDescribingJson object at 0x000001D0DEA8AD80>]}


============================== 23:36:41.266745 | 5e1f4137-7dfd-44ea-b54d-bceb87c0862a ==============================
[0m23:36:41.266745 [info ] [MainThread]: Running with dbt=1.8.3
[0m23:36:41.266745 [debug] [MainThread]: running dbt with arguments {'printer_width': '80', 'indirect_selection': 'eager', 'write_json': 'True', 'log_cache_events': 'False', 'partial_parse': 'True', 'cache_selected_only': 'False', 'warn_error': 'None', 'fail_fast': 'False', 'debug': 'False', 'log_path': 'logs', 'version_check': 'True', 'profiles_dir': 'C:\\Users\\thiag\\jornada_de_dados\\dbtcore_northwind_model', 'use_colors': 'True', 'use_experimental_parser': 'False', 'no_print': 'None', 'quiet': 'False', 'empty': 'None', 'warn_error_options': 'WarnErrorOptions(include=[], exclude=[])', 'introspect': 'True', 'static_parser': 'True', 'log_format': 'default', 'target_path': 'None', 'invocation_command': 'dbt debug', 'send_anonymous_usage_stats': 'True'}
[0m23:36:41.288503 [info ] [MainThread]: dbt version: 1.8.3
[0m23:36:41.288503 [info ] [MainThread]: python version: 3.12.1
[0m23:36:41.301655 [info ] [MainThread]: python path: C:\Users\thiag\jornada_de_dados\dbtcore_northwind_model\.venv\Scripts\python.exe
[0m23:36:41.301655 [info ] [MainThread]: os info: Windows-11-10.0.22000-SP0
[0m23:36:41.301655 [error] [MainThread]: Encountered an error:
Parsing Error
  Env var required but not provided: 'DB_HOST_PROD'
[0m23:36:41.301655 [debug] [MainThread]: Command `dbt debug` failed at 23:36:41.301655 after 0.20 seconds
[0m23:36:41.301655 [debug] [MainThread]: Sending event: {'category': 'dbt', 'action': 'invocation', 'label': 'end', 'context': [<snowplow_tracker.self_describing_json.SelfDescribingJson object at 0x000001D0E10E9460>, <snowplow_tracker.self_describing_json.SelfDescribingJson object at 0x000001D0E1304D70>, <snowplow_tracker.self_describing_json.SelfDescribingJson object at 0x000001D0E1B3E8A0>]}
[0m23:36:41.301655 [debug] [MainThread]: Flushing usage events
[0m23:38:18.208699 [debug] [MainThread]: Sending event: {'category': 'dbt', 'action': 'invocation', 'label': 'start', 'context': [<snowplow_tracker.self_describing_json.SelfDescribingJson object at 0x000001B186F53A70>, <snowplow_tracker.self_describing_json.SelfDescribingJson object at 0x000001B18783FC20>, <snowplow_tracker.self_describing_json.SelfDescribingJson object at 0x000001B18783ED80>]}


============================== 23:38:18.224328 | c2bd592d-5a3c-4487-bd2c-83c6ec035b88 ==============================
[0m23:38:18.224328 [info ] [MainThread]: Running with dbt=1.8.3
[0m23:38:18.224328 [debug] [MainThread]: running dbt with arguments {'printer_width': '80', 'indirect_selection': 'eager', 'log_cache_events': 'False', 'write_json': 'True', 'partial_parse': 'True', 'cache_selected_only': 'False', 'profiles_dir': 'C:\\Users\\thiag\\jornada_de_dados\\dbtcore_northwind_model', 'fail_fast': 'False', 'version_check': 'True', 'log_path': 'logs', 'warn_error': 'None', 'debug': 'False', 'use_colors': 'True', 'use_experimental_parser': 'False', 'no_print': 'None', 'quiet': 'False', 'empty': 'None', 'warn_error_options': 'WarnErrorOptions(include=[], exclude=[])', 'invocation_command': 'dbt debug', 'introspect': 'True', 'static_parser': 'True', 'target_path': 'None', 'log_format': 'default', 'send_anonymous_usage_stats': 'True'}
[0m23:38:18.245668 [info ] [MainThread]: dbt version: 1.8.3
[0m23:38:18.245668 [info ] [MainThread]: python version: 3.12.1
[0m23:38:18.245668 [info ] [MainThread]: python path: C:\Users\thiag\jornada_de_dados\dbtcore_northwind_model\.venv\Scripts\python.exe
[0m23:38:18.245668 [info ] [MainThread]: os info: Windows-11-10.0.22000-SP0
[0m23:38:18.256494 [error] [MainThread]: Encountered an error:
Parsing Error
  Env var required but not provided: 'DB_HOST_PROD'
[0m23:38:18.259493 [debug] [MainThread]: Command `dbt debug` failed at 23:38:18.258493 after 0.21 seconds
[0m23:38:18.259883 [debug] [MainThread]: Sending event: {'category': 'dbt', 'action': 'invocation', 'label': 'end', 'context': [<snowplow_tracker.self_describing_json.SelfDescribingJson object at 0x000001B1879E2600>, <snowplow_tracker.self_describing_json.SelfDescribingJson object at 0x000001B1871E7830>, <snowplow_tracker.self_describing_json.SelfDescribingJson object at 0x000001B187CD35F0>]}
[0m23:38:18.259883 [debug] [MainThread]: Flushing usage events
[0m23:38:42.195206 [debug] [MainThread]: Sending event: {'category': 'dbt', 'action': 'invocation', 'label': 'start', 'context': [<snowplow_tracker.self_describing_json.SelfDescribingJson object at 0x00000139F040EA20>, <snowplow_tracker.self_describing_json.SelfDescribingJson object at 0x00000139F00F82C0>, <snowplow_tracker.self_describing_json.SelfDescribingJson object at 0x00000139F00BED80>]}


============================== 23:38:42.195206 | 1b0e960a-df65-42f3-b6cb-baaecdef5c2a ==============================
[0m23:38:42.195206 [info ] [MainThread]: Running with dbt=1.8.3
[0m23:38:42.195206 [debug] [MainThread]: running dbt with arguments {'printer_width': '80', 'indirect_selection': 'eager', 'write_json': 'True', 'log_cache_events': 'False', 'partial_parse': 'True', 'cache_selected_only': 'False', 'profiles_dir': 'C:\\Users\\thiag\\jornada_de_dados\\dbtcore_northwind_model', 'fail_fast': 'False', 'version_check': 'True', 'log_path': 'logs', 'warn_error': 'None', 'debug': 'False', 'use_colors': 'True', 'use_experimental_parser': 'False', 'no_print': 'None', 'quiet': 'False', 'empty': 'None', 'log_format': 'default', 'introspect': 'True', 'invocation_command': 'dbt debug', 'static_parser': 'True', 'target_path': 'None', 'warn_error_options': 'WarnErrorOptions(include=[], exclude=[])', 'send_anonymous_usage_stats': 'True'}
[0m23:38:42.218144 [info ] [MainThread]: dbt version: 1.8.3
[0m23:38:42.224414 [info ] [MainThread]: python version: 3.12.1
[0m23:38:42.225418 [info ] [MainThread]: python path: C:\Users\thiag\jornada_de_dados\dbtcore_northwind_model\.venv\Scripts\python.exe
[0m23:38:42.226432 [info ] [MainThread]: os info: Windows-11-10.0.22000-SP0
[0m23:38:42.294245 [info ] [MainThread]: Using profiles dir at C:\Users\thiag\jornada_de_dados\dbtcore_northwind_model
[0m23:38:42.294245 [info ] [MainThread]: Using profiles.yml file at C:\Users\thiag\jornada_de_dados\dbtcore_northwind_model\profiles.yml
[0m23:38:42.294245 [info ] [MainThread]: Using dbt_project.yml file at C:\Users\thiag\jornada_de_dados\dbtcore_northwind_model\dbt_project.yml
[0m23:38:42.294245 [info ] [MainThread]: adapter type: postgres
[0m23:38:42.294245 [info ] [MainThread]: adapter version: 1.8.2
[0m23:38:42.294245 [info ] [MainThread]: Configuration:
[0m23:38:42.294245 [info ] [MainThread]:   profiles.yml file [[32mOK found and valid[0m]
[0m23:38:42.294245 [info ] [MainThread]:   dbt_project.yml file [[31mERROR not found[0m]
[0m23:38:42.294245 [info ] [MainThread]: Required dependencies:
[0m23:38:42.308770 [debug] [MainThread]: Executing "git --help"
[0m23:38:42.344412 [debug] [MainThread]: STDOUT: "b"usage: git [-v | --version] [-h | --help] [-C <path>] [-c <name>=<value>]\n           [--exec-path[=<path>]] [--html-path] [--man-path] [--info-path]\n           [-p | --paginate | -P | --no-pager] [--no-replace-objects] [--bare]\n           [--git-dir=<path>] [--work-tree=<path>] [--namespace=<name>]\n           [--config-env=<name>=<envvar>] <command> [<args>]\n\nThese are common Git commands used in various situations:\n\nstart a working area (see also: git help tutorial)\n   clone     Clone a repository into a new directory\n   init      Create an empty Git repository or reinitialize an existing one\n\nwork on the current change (see also: git help everyday)\n   add       Add file contents to the index\n   mv        Move or rename a file, a directory, or a symlink\n   restore   Restore working tree files\n   rm        Remove files from the working tree and from the index\n\nexamine the history and state (see also: git help revisions)\n   bisect    Use binary search to find the commit that introduced a bug\n   diff      Show changes between commits, commit and working tree, etc\n   grep      Print lines matching a pattern\n   log       Show commit logs\n   show      Show various types of objects\n   status    Show the working tree status\n\ngrow, mark and tweak your common history\n   branch    List, create, or delete branches\n   commit    Record changes to the repository\n   merge     Join two or more development histories together\n   rebase    Reapply commits on top of another base tip\n   reset     Reset current HEAD to the specified state\n   switch    Switch branches\n   tag       Create, list, delete or verify a tag object signed with GPG\n\ncollaborate (see also: git help workflows)\n   fetch     Download objects and refs from another repository\n   pull      Fetch from and integrate with another repository or a local branch\n   push      Update remote refs along with associated objects\n\n'git help -a' and 'git help -g' list available subcommands and some\nconcept guides. See 'git help <command>' or 'git help <concept>'\nto read about a specific subcommand or concept.\nSee 'git help git' for an overview of the system.\n""
[0m23:38:42.344412 [debug] [MainThread]: STDERR: "b''"
[0m23:38:42.344412 [info ] [MainThread]:  - git [[32mOK found[0m]

[0m23:38:42.344412 [info ] [MainThread]: Connection:
[0m23:38:42.344412 [info ] [MainThread]:   host: northwind.cvoemmws62u8.us-east-2.rds.amazonaws.com
[0m23:38:42.344412 [info ] [MainThread]:   port: 5432
[0m23:38:42.344412 [info ] [MainThread]:   user: postgres
[0m23:38:42.344412 [info ] [MainThread]:   database: northwind
[0m23:38:42.344412 [info ] [MainThread]:   schema: public
[0m23:38:42.344412 [info ] [MainThread]:   connect_timeout: 10
[0m23:38:42.344412 [info ] [MainThread]:   role: None
[0m23:38:42.344412 [info ] [MainThread]:   search_path: None
[0m23:38:42.357774 [info ] [MainThread]:   keepalives_idle: 0
[0m23:38:42.358778 [info ] [MainThread]:   sslmode: None
[0m23:38:42.360775 [info ] [MainThread]:   sslcert: None
[0m23:38:42.361774 [info ] [MainThread]:   sslkey: None
[0m23:38:42.361774 [info ] [MainThread]:   sslrootcert: None
[0m23:38:42.363627 [info ] [MainThread]:   application_name: dbt
[0m23:38:42.363627 [info ] [MainThread]:   retries: 1
[0m23:38:42.363627 [info ] [MainThread]: Registered adapter: postgres=1.8.2
[0m23:38:42.363627 [debug] [MainThread]: Acquiring new postgres connection 'debug'
[0m23:38:42.501407 [debug] [MainThread]: Using postgres connection "debug"
[0m23:38:42.502413 [debug] [MainThread]: On debug: select 1 as id
[0m23:38:42.502413 [debug] [MainThread]: Opening a new connection, currently in state init
[0m23:38:44.210592 [debug] [MainThread]: SQL status: SELECT 1 in 1.711 seconds
[0m23:38:44.210592 [debug] [MainThread]: On debug: Close
[0m23:38:44.220618 [info ] [MainThread]:   Connection test: [[32mOK connection ok[0m]

[0m23:38:44.220618 [info ] [MainThread]: [31m1 check failed:[0m
[0m23:38:44.226679 [info ] [MainThread]: Project loading failed for the following reason:
 project path <C:\Users\thiag\jornada_de_dados\dbtcore_northwind_model\dbt_project.yml> not found

[0m23:38:44.236806 [debug] [MainThread]: Command `dbt debug` failed at 23:38:44.236806 after 2.20 seconds
[0m23:38:44.239804 [debug] [MainThread]: Connection 'debug' was properly closed.
[0m23:38:44.241791 [debug] [MainThread]: Sending event: {'category': 'dbt', 'action': 'invocation', 'label': 'end', 'context': [<snowplow_tracker.self_describing_json.SelfDescribingJson object at 0x00000139F0688AA0>, <snowplow_tracker.self_describing_json.SelfDescribingJson object at 0x00000139F038EAB0>, <snowplow_tracker.self_describing_json.SelfDescribingJson object at 0x00000139F02FDEB0>]}
[0m23:38:44.244562 [debug] [MainThread]: Flushing usage events
[0m23:40:55.399861 [debug] [MainThread]: Sending event: {'category': 'dbt', 'action': 'invocation', 'label': 'start', 'context': [<snowplow_tracker.self_describing_json.SelfDescribingJson object at 0x0000023CE7BAEDB0>, <snowplow_tracker.self_describing_json.SelfDescribingJson object at 0x0000023CE779D940>, <snowplow_tracker.self_describing_json.SelfDescribingJson object at 0x0000023CE779FC80>]}


============================== 23:40:55.399861 | 1cb74627-f344-4502-9167-bfafa1e8e67c ==============================
[0m23:40:55.399861 [info ] [MainThread]: Running with dbt=1.8.3
[0m23:40:55.399861 [debug] [MainThread]: running dbt with arguments {'printer_width': '80', 'indirect_selection': 'eager', 'write_json': 'True', 'log_cache_events': 'False', 'partial_parse': 'True', 'cache_selected_only': 'False', 'warn_error': 'None', 'debug': 'False', 'version_check': 'True', 'log_path': 'logs', 'profiles_dir': 'C:\\Users\\thiag\\jornada_de_dados\\dbtcore_northwind_model', 'fail_fast': 'False', 'use_colors': 'True', 'use_experimental_parser': 'False', 'no_print': 'None', 'quiet': 'False', 'empty': 'None', 'warn_error_options': 'WarnErrorOptions(include=[], exclude=[])', 'invocation_command': 'dbt debug', 'log_format': 'default', 'static_parser': 'True', 'target_path': 'None', 'introspect': 'True', 'send_anonymous_usage_stats': 'True'}
[0m23:40:55.418052 [info ] [MainThread]: dbt version: 1.8.3
[0m23:40:55.418052 [info ] [MainThread]: python version: 3.12.1
[0m23:40:55.418052 [info ] [MainThread]: python path: C:\Users\thiag\jornada_de_dados\dbtcore_northwind_model\.venv\Scripts\python.exe
[0m23:40:55.418052 [info ] [MainThread]: os info: Windows-11-10.0.22000-SP0
[0m23:40:55.504194 [info ] [MainThread]: Using profiles dir at C:\Users\thiag\jornada_de_dados\dbtcore_northwind_model
[0m23:40:55.505175 [info ] [MainThread]: Using profiles.yml file at C:\Users\thiag\jornada_de_dados\dbtcore_northwind_model\profiles.yml
[0m23:40:55.506193 [info ] [MainThread]: Using dbt_project.yml file at C:\Users\thiag\jornada_de_dados\dbtcore_northwind_model\dbt_project.yml
[0m23:40:55.507196 [info ] [MainThread]: adapter type: postgres
[0m23:40:55.508191 [info ] [MainThread]: adapter version: 1.8.2
[0m23:40:55.508191 [info ] [MainThread]: Configuration:
[0m23:40:55.509203 [info ] [MainThread]:   profiles.yml file [[32mOK found and valid[0m]
[0m23:40:55.510191 [info ] [MainThread]:   dbt_project.yml file [[31mERROR not found[0m]
[0m23:40:55.511182 [info ] [MainThread]: Required dependencies:
[0m23:40:55.511182 [debug] [MainThread]: Executing "git --help"
[0m23:40:55.550929 [debug] [MainThread]: STDOUT: "b"usage: git [-v | --version] [-h | --help] [-C <path>] [-c <name>=<value>]\n           [--exec-path[=<path>]] [--html-path] [--man-path] [--info-path]\n           [-p | --paginate | -P | --no-pager] [--no-replace-objects] [--bare]\n           [--git-dir=<path>] [--work-tree=<path>] [--namespace=<name>]\n           [--config-env=<name>=<envvar>] <command> [<args>]\n\nThese are common Git commands used in various situations:\n\nstart a working area (see also: git help tutorial)\n   clone     Clone a repository into a new directory\n   init      Create an empty Git repository or reinitialize an existing one\n\nwork on the current change (see also: git help everyday)\n   add       Add file contents to the index\n   mv        Move or rename a file, a directory, or a symlink\n   restore   Restore working tree files\n   rm        Remove files from the working tree and from the index\n\nexamine the history and state (see also: git help revisions)\n   bisect    Use binary search to find the commit that introduced a bug\n   diff      Show changes between commits, commit and working tree, etc\n   grep      Print lines matching a pattern\n   log       Show commit logs\n   show      Show various types of objects\n   status    Show the working tree status\n\ngrow, mark and tweak your common history\n   branch    List, create, or delete branches\n   commit    Record changes to the repository\n   merge     Join two or more development histories together\n   rebase    Reapply commits on top of another base tip\n   reset     Reset current HEAD to the specified state\n   switch    Switch branches\n   tag       Create, list, delete or verify a tag object signed with GPG\n\ncollaborate (see also: git help workflows)\n   fetch     Download objects and refs from another repository\n   pull      Fetch from and integrate with another repository or a local branch\n   push      Update remote refs along with associated objects\n\n'git help -a' and 'git help -g' list available subcommands and some\nconcept guides. See 'git help <command>' or 'git help <concept>'\nto read about a specific subcommand or concept.\nSee 'git help git' for an overview of the system.\n""
[0m23:40:55.550929 [debug] [MainThread]: STDERR: "b''"
[0m23:40:55.550929 [info ] [MainThread]:  - git [[32mOK found[0m]

[0m23:40:55.550929 [info ] [MainThread]: Connection:
[0m23:40:55.550929 [info ] [MainThread]:   host: northwind.cvoemmws62u8.us-east-2.rds.amazonaws.com
[0m23:40:55.550929 [info ] [MainThread]:   port: 5432
[0m23:40:55.550929 [info ] [MainThread]:   user: postgres
[0m23:40:55.550929 [info ] [MainThread]:   database: northwind
[0m23:40:55.550929 [info ] [MainThread]:   schema: public
[0m23:40:55.550929 [info ] [MainThread]:   connect_timeout: 10
[0m23:40:55.550929 [info ] [MainThread]:   role: None
[0m23:40:55.550929 [info ] [MainThread]:   search_path: None
[0m23:40:55.550929 [info ] [MainThread]:   keepalives_idle: 0
[0m23:40:55.550929 [info ] [MainThread]:   sslmode: None
[0m23:40:55.566030 [info ] [MainThread]:   sslcert: None
[0m23:40:55.567029 [info ] [MainThread]:   sslkey: None
[0m23:40:55.568029 [info ] [MainThread]:   sslrootcert: None
[0m23:40:55.569033 [info ] [MainThread]:   application_name: dbt
[0m23:40:55.570031 [info ] [MainThread]:   retries: 1
[0m23:40:55.571102 [info ] [MainThread]: Registered adapter: postgres=1.8.2
[0m23:40:55.571102 [debug] [MainThread]: Acquiring new postgres connection 'debug'
[0m23:40:55.698856 [debug] [MainThread]: Using postgres connection "debug"
[0m23:40:55.698856 [debug] [MainThread]: On debug: select 1 as id
[0m23:40:55.698856 [debug] [MainThread]: Opening a new connection, currently in state init
[0m23:40:57.542500 [debug] [MainThread]: SQL status: SELECT 1 in 1.835 seconds
[0m23:40:57.545541 [debug] [MainThread]: On debug: Close
[0m23:40:57.548525 [info ] [MainThread]:   Connection test: [[32mOK connection ok[0m]

[0m23:40:57.549611 [info ] [MainThread]: [31m1 check failed:[0m
[0m23:40:57.549611 [info ] [MainThread]: Project loading failed for the following reason:
 project path <C:\Users\thiag\jornada_de_dados\dbtcore_northwind_model\dbt_project.yml> not found

[0m23:40:57.557359 [debug] [MainThread]: Command `dbt debug` failed at 23:40:57.556119 after 2.32 seconds
[0m23:40:57.558378 [debug] [MainThread]: Connection 'debug' was properly closed.
[0m23:40:57.560363 [debug] [MainThread]: Sending event: {'category': 'dbt', 'action': 'invocation', 'label': 'end', 'context': [<snowplow_tracker.self_describing_json.SelfDescribingJson object at 0x0000023CE7BAEDB0>, <snowplow_tracker.self_describing_json.SelfDescribingJson object at 0x0000023CE7854800>, <snowplow_tracker.self_describing_json.SelfDescribingJson object at 0x0000023CE4BCAF00>]}
[0m23:40:57.561378 [debug] [MainThread]: Flushing usage events
[0m23:45:05.586752 [debug] [MainThread]: Sending event: {'category': 'dbt', 'action': 'invocation', 'label': 'start', 'context': [<snowplow_tracker.self_describing_json.SelfDescribingJson object at 0x00000222D4CCEA20>, <snowplow_tracker.self_describing_json.SelfDescribingJson object at 0x00000222D4CCE990>, <snowplow_tracker.self_describing_json.SelfDescribingJson object at 0x00000222D1142180>]}


============================== 23:45:05.596775 | 53af33cd-7fc5-40ad-8704-ea0c7f1fd1fb ==============================
[0m23:45:05.596775 [info ] [MainThread]: Running with dbt=1.8.3
[0m23:45:05.596775 [debug] [MainThread]: running dbt with arguments {'printer_width': '80', 'indirect_selection': 'eager', 'write_json': 'True', 'log_cache_events': 'False', 'partial_parse': 'True', 'cache_selected_only': 'False', 'warn_error': 'None', 'fail_fast': 'False', 'version_check': 'True', 'log_path': 'logs', 'profiles_dir': 'C:\\Users\\thiag\\jornada_de_dados\\dbtcore_northwind_model', 'debug': 'False', 'use_colors': 'True', 'use_experimental_parser': 'False', 'no_print': 'None', 'quiet': 'False', 'empty': 'None', 'log_format': 'default', 'static_parser': 'True', 'introspect': 'True', 'invocation_command': 'dbt debug', 'target_path': 'None', 'warn_error_options': 'WarnErrorOptions(include=[], exclude=[])', 'send_anonymous_usage_stats': 'True'}
[0m23:45:05.619557 [info ] [MainThread]: dbt version: 1.8.3
[0m23:45:05.621092 [info ] [MainThread]: python version: 3.12.1
[0m23:45:05.621092 [info ] [MainThread]: python path: C:\Users\thiag\jornada_de_dados\dbtcore_northwind_model\.venv\Scripts\python.exe
[0m23:45:05.622129 [info ] [MainThread]: os info: Windows-11-10.0.22000-SP0
[0m23:45:05.679834 [info ] [MainThread]: Using profiles dir at C:\Users\thiag\jornada_de_dados\dbtcore_northwind_model
[0m23:45:05.679834 [info ] [MainThread]: Using profiles.yml file at C:\Users\thiag\jornada_de_dados\dbtcore_northwind_model\profiles.yml
[0m23:45:05.679834 [info ] [MainThread]: Using dbt_project.yml file at C:\Users\thiag\jornada_de_dados\dbtcore_northwind_model\dbt_project.yml
[0m23:45:05.695460 [info ] [MainThread]: adapter type: postgres
[0m23:45:05.695460 [info ] [MainThread]: adapter version: 1.8.2
[0m23:45:05.696971 [info ] [MainThread]: Configuration:
[0m23:45:05.698037 [info ] [MainThread]:   profiles.yml file [[32mOK found and valid[0m]
[0m23:45:05.699051 [info ] [MainThread]:   dbt_project.yml file [[31mERROR not found[0m]
[0m23:45:05.699051 [info ] [MainThread]: Required dependencies:
[0m23:45:05.700049 [debug] [MainThread]: Executing "git --help"
[0m23:45:05.732413 [debug] [MainThread]: STDOUT: "b"usage: git [-v | --version] [-h | --help] [-C <path>] [-c <name>=<value>]\n           [--exec-path[=<path>]] [--html-path] [--man-path] [--info-path]\n           [-p | --paginate | -P | --no-pager] [--no-replace-objects] [--bare]\n           [--git-dir=<path>] [--work-tree=<path>] [--namespace=<name>]\n           [--config-env=<name>=<envvar>] <command> [<args>]\n\nThese are common Git commands used in various situations:\n\nstart a working area (see also: git help tutorial)\n   clone     Clone a repository into a new directory\n   init      Create an empty Git repository or reinitialize an existing one\n\nwork on the current change (see also: git help everyday)\n   add       Add file contents to the index\n   mv        Move or rename a file, a directory, or a symlink\n   restore   Restore working tree files\n   rm        Remove files from the working tree and from the index\n\nexamine the history and state (see also: git help revisions)\n   bisect    Use binary search to find the commit that introduced a bug\n   diff      Show changes between commits, commit and working tree, etc\n   grep      Print lines matching a pattern\n   log       Show commit logs\n   show      Show various types of objects\n   status    Show the working tree status\n\ngrow, mark and tweak your common history\n   branch    List, create, or delete branches\n   commit    Record changes to the repository\n   merge     Join two or more development histories together\n   rebase    Reapply commits on top of another base tip\n   reset     Reset current HEAD to the specified state\n   switch    Switch branches\n   tag       Create, list, delete or verify a tag object signed with GPG\n\ncollaborate (see also: git help workflows)\n   fetch     Download objects and refs from another repository\n   pull      Fetch from and integrate with another repository or a local branch\n   push      Update remote refs along with associated objects\n\n'git help -a' and 'git help -g' list available subcommands and some\nconcept guides. See 'git help <command>' or 'git help <concept>'\nto read about a specific subcommand or concept.\nSee 'git help git' for an overview of the system.\n""
[0m23:45:05.732413 [debug] [MainThread]: STDERR: "b''"
[0m23:45:05.732413 [info ] [MainThread]:  - git [[32mOK found[0m]

[0m23:45:05.732413 [info ] [MainThread]: Connection:
[0m23:45:05.732413 [info ] [MainThread]:   host: northwind.cvoemmws62u8.us-east-2.rds.amazonaws.com
[0m23:45:05.732413 [info ] [MainThread]:   port: 5432
[0m23:45:05.732413 [info ] [MainThread]:   user: postgres
[0m23:45:05.745273 [info ] [MainThread]:   database: northwind
[0m23:45:05.747273 [info ] [MainThread]:   schema: public
[0m23:45:05.748271 [info ] [MainThread]:   connect_timeout: 10
[0m23:45:05.749288 [info ] [MainThread]:   role: None
[0m23:45:05.750595 [info ] [MainThread]:   search_path: None
[0m23:45:05.750595 [info ] [MainThread]:   keepalives_idle: 0
[0m23:45:05.750595 [info ] [MainThread]:   sslmode: None
[0m23:45:05.750595 [info ] [MainThread]:   sslcert: None
[0m23:45:05.750595 [info ] [MainThread]:   sslkey: None
[0m23:45:05.750595 [info ] [MainThread]:   sslrootcert: None
[0m23:45:05.750595 [info ] [MainThread]:   application_name: dbt
[0m23:45:05.750595 [info ] [MainThread]:   retries: 1
[0m23:45:05.750595 [info ] [MainThread]: Registered adapter: postgres=1.8.2
[0m23:45:05.750595 [debug] [MainThread]: Acquiring new postgres connection 'debug'
[0m23:45:05.879678 [debug] [MainThread]: Using postgres connection "debug"
[0m23:45:05.879678 [debug] [MainThread]: On debug: select 1 as id
[0m23:45:05.879678 [debug] [MainThread]: Opening a new connection, currently in state init
[0m23:45:07.572694 [debug] [MainThread]: SQL status: SELECT 1 in 1.690 seconds
[0m23:45:07.588324 [debug] [MainThread]: On debug: Close
[0m23:45:07.588324 [info ] [MainThread]:   Connection test: [[32mOK connection ok[0m]

[0m23:45:07.588324 [info ] [MainThread]: [31m1 check failed:[0m
[0m23:45:07.588324 [info ] [MainThread]: Project loading failed for the following reason:
 project path <C:\Users\thiag\jornada_de_dados\dbtcore_northwind_model\dbt_project.yml> not found

[0m23:45:07.608028 [debug] [MainThread]: Command `dbt debug` failed at 23:45:07.607003 after 2.18 seconds
[0m23:45:07.610028 [debug] [MainThread]: Connection 'debug' was properly closed.
[0m23:45:07.613011 [debug] [MainThread]: Sending event: {'category': 'dbt', 'action': 'invocation', 'label': 'end', 'context': [<snowplow_tracker.self_describing_json.SelfDescribingJson object at 0x00000222CEC04560>, <snowplow_tracker.self_describing_json.SelfDescribingJson object at 0x00000222D4D6E3F0>, <snowplow_tracker.self_describing_json.SelfDescribingJson object at 0x00000222D4E58E30>]}
[0m23:45:07.616637 [debug] [MainThread]: Flushing usage events
[0m23:49:46.863774 [debug] [MainThread]: Sending event: {'category': 'dbt', 'action': 'invocation', 'label': 'start', 'context': [<snowplow_tracker.self_describing_json.SelfDescribingJson object at 0x000001847EB2BC80>, <snowplow_tracker.self_describing_json.SelfDescribingJson object at 0x000001847F863800>, <snowplow_tracker.self_describing_json.SelfDescribingJson object at 0x000001847F8636B0>]}


============================== 23:49:46.863774 | af7a30e0-ced6-4981-a3c9-6be3e9318f0b ==============================
[0m23:49:46.863774 [info ] [MainThread]: Running with dbt=1.8.3
[0m23:49:46.863774 [debug] [MainThread]: running dbt with arguments {'printer_width': '80', 'indirect_selection': 'eager', 'log_cache_events': 'False', 'write_json': 'True', 'partial_parse': 'True', 'cache_selected_only': 'False', 'warn_error': 'None', 'debug': 'False', 'version_check': 'True', 'log_path': 'logs', 'fail_fast': 'False', 'profiles_dir': 'C:\\Users\\thiag\\jornada_de_dados\\dbtcore_northwind_model', 'use_colors': 'True', 'use_experimental_parser': 'False', 'no_print': 'None', 'quiet': 'False', 'empty': 'None', 'warn_error_options': 'WarnErrorOptions(include=[], exclude=[])', 'introspect': 'True', 'invocation_command': 'dbt debug', 'static_parser': 'True', 'target_path': 'None', 'log_format': 'default', 'send_anonymous_usage_stats': 'True'}
[0m23:49:46.894843 [info ] [MainThread]: dbt version: 1.8.3
[0m23:49:46.895824 [info ] [MainThread]: python version: 3.12.1
[0m23:49:46.897069 [info ] [MainThread]: python path: C:\Users\thiag\jornada_de_dados\dbtcore_northwind_model\.venv\Scripts\python.exe
[0m23:49:46.897069 [info ] [MainThread]: os info: Windows-11-10.0.22000-SP0
[0m23:49:46.967203 [info ] [MainThread]: Using profiles dir at C:\Users\thiag\jornada_de_dados\dbtcore_northwind_model
[0m23:49:46.967203 [info ] [MainThread]: Using profiles.yml file at C:\Users\thiag\jornada_de_dados\dbtcore_northwind_model\profiles.yml
[0m23:49:46.967203 [info ] [MainThread]: Using dbt_project.yml file at C:\Users\thiag\jornada_de_dados\dbtcore_northwind_model\dbt_project.yml
[0m23:49:46.978243 [info ] [MainThread]: adapter type: postgres
[0m23:49:46.979162 [info ] [MainThread]: adapter version: 1.8.2
[0m23:49:46.979162 [info ] [MainThread]: Configuration:
[0m23:49:46.979162 [info ] [MainThread]:   profiles.yml file [[32mOK found and valid[0m]
[0m23:49:46.979162 [info ] [MainThread]:   dbt_project.yml file [[31mERROR not found[0m]
[0m23:49:46.979162 [info ] [MainThread]: Required dependencies:
[0m23:49:46.979162 [debug] [MainThread]: Executing "git --help"
[0m23:49:47.028188 [debug] [MainThread]: STDOUT: "b"usage: git [-v | --version] [-h | --help] [-C <path>] [-c <name>=<value>]\n           [--exec-path[=<path>]] [--html-path] [--man-path] [--info-path]\n           [-p | --paginate | -P | --no-pager] [--no-replace-objects] [--bare]\n           [--git-dir=<path>] [--work-tree=<path>] [--namespace=<name>]\n           [--config-env=<name>=<envvar>] <command> [<args>]\n\nThese are common Git commands used in various situations:\n\nstart a working area (see also: git help tutorial)\n   clone     Clone a repository into a new directory\n   init      Create an empty Git repository or reinitialize an existing one\n\nwork on the current change (see also: git help everyday)\n   add       Add file contents to the index\n   mv        Move or rename a file, a directory, or a symlink\n   restore   Restore working tree files\n   rm        Remove files from the working tree and from the index\n\nexamine the history and state (see also: git help revisions)\n   bisect    Use binary search to find the commit that introduced a bug\n   diff      Show changes between commits, commit and working tree, etc\n   grep      Print lines matching a pattern\n   log       Show commit logs\n   show      Show various types of objects\n   status    Show the working tree status\n\ngrow, mark and tweak your common history\n   branch    List, create, or delete branches\n   commit    Record changes to the repository\n   merge     Join two or more development histories together\n   rebase    Reapply commits on top of another base tip\n   reset     Reset current HEAD to the specified state\n   switch    Switch branches\n   tag       Create, list, delete or verify a tag object signed with GPG\n\ncollaborate (see also: git help workflows)\n   fetch     Download objects and refs from another repository\n   pull      Fetch from and integrate with another repository or a local branch\n   push      Update remote refs along with associated objects\n\n'git help -a' and 'git help -g' list available subcommands and some\nconcept guides. See 'git help <command>' or 'git help <concept>'\nto read about a specific subcommand or concept.\nSee 'git help git' for an overview of the system.\n""
[0m23:49:47.029183 [debug] [MainThread]: STDERR: "b''"
[0m23:49:47.030835 [info ] [MainThread]:  - git [[32mOK found[0m]

[0m23:49:47.030835 [info ] [MainThread]: Connection:
[0m23:49:47.030835 [info ] [MainThread]:   host: northwind.cvoemmws62u8.us-east-2.rds.amazonaws.com
[0m23:49:47.030835 [info ] [MainThread]:   port: 5432
[0m23:49:47.030835 [info ] [MainThread]:   user: postgres
[0m23:49:47.030835 [info ] [MainThread]:   database: northwind
[0m23:49:47.030835 [info ] [MainThread]:   schema: public
[0m23:49:47.030835 [info ] [MainThread]:   connect_timeout: 10
[0m23:49:47.030835 [info ] [MainThread]:   role: None
[0m23:49:47.030835 [info ] [MainThread]:   search_path: None
[0m23:49:47.030835 [info ] [MainThread]:   keepalives_idle: 0
[0m23:49:47.030835 [info ] [MainThread]:   sslmode: None
[0m23:49:47.030835 [info ] [MainThread]:   sslcert: None
[0m23:49:47.030835 [info ] [MainThread]:   sslkey: None
[0m23:49:47.030835 [info ] [MainThread]:   sslrootcert: None
[0m23:49:47.030835 [info ] [MainThread]:   application_name: dbt
[0m23:49:47.030835 [info ] [MainThread]:   retries: 1
[0m23:49:47.045854 [info ] [MainThread]: Registered adapter: postgres=1.8.2
[0m23:49:47.047856 [debug] [MainThread]: Acquiring new postgres connection 'debug'
[0m23:49:47.178210 [debug] [MainThread]: Using postgres connection "debug"
[0m23:49:47.178210 [debug] [MainThread]: On debug: select 1 as id
[0m23:49:47.178210 [debug] [MainThread]: Opening a new connection, currently in state init
[0m23:49:48.869730 [debug] [MainThread]: SQL status: SELECT 1 in 1.694 seconds
[0m23:49:48.885399 [debug] [MainThread]: On debug: Close
[0m23:49:48.885399 [info ] [MainThread]:   Connection test: [[32mOK connection ok[0m]

[0m23:49:48.885399 [info ] [MainThread]: [31m1 check failed:[0m
[0m23:49:48.885399 [info ] [MainThread]: Project loading failed for the following reason:
 project path <C:\Users\thiag\jornada_de_dados\dbtcore_northwind_model\dbt_project.yml> not found

[0m23:49:48.907267 [debug] [MainThread]: Command `dbt debug` failed at 23:49:48.907267 after 2.26 seconds
[0m23:49:48.910266 [debug] [MainThread]: Connection 'debug' was properly closed.
[0m23:49:48.913254 [debug] [MainThread]: Sending event: {'category': 'dbt', 'action': 'invocation', 'label': 'end', 'context': [<snowplow_tracker.self_describing_json.SelfDescribingJson object at 0x000001840130DE80>, <snowplow_tracker.self_describing_json.SelfDescribingJson object at 0x0000018401698AA0>, <snowplow_tracker.self_describing_json.SelfDescribingJson object at 0x0000018401663E60>]}
[0m23:49:48.915204 [debug] [MainThread]: Flushing usage events
[0m08:02:30.893785 [debug] [MainThread]: Sending event: {'category': 'dbt', 'action': 'invocation', 'label': 'start', 'context': [<snowplow_tracker.self_describing_json.SelfDescribingJson object at 0x000002E092AA7B90>, <snowplow_tracker.self_describing_json.SelfDescribingJson object at 0x000002E0931D1C40>, <snowplow_tracker.self_describing_json.SelfDescribingJson object at 0x000002E092AA6630>]}


============================== 08:02:30.909410 | 15487695-040e-475d-8194-e781345b0ee2 ==============================
[0m08:02:30.909410 [info ] [MainThread]: Running with dbt=1.8.3
[0m08:02:30.909410 [debug] [MainThread]: running dbt with arguments {'printer_width': '80', 'indirect_selection': 'eager', 'write_json': 'True', 'log_cache_events': 'False', 'partial_parse': 'True', 'cache_selected_only': 'False', 'profiles_dir': 'C:\\Users\\thiag\\jornada_de_dados\\dbtcore_northwind_model', 'debug': 'False', 'fail_fast': 'False', 'log_path': 'logs', 'version_check': 'True', 'warn_error': 'None', 'use_colors': 'True', 'use_experimental_parser': 'False', 'empty': 'None', 'quiet': 'False', 'no_print': 'None', 'warn_error_options': 'WarnErrorOptions(include=[], exclude=[])', 'static_parser': 'True', 'introspect': 'True', 'log_format': 'default', 'target_path': 'None', 'invocation_command': 'dbt debug', 'send_anonymous_usage_stats': 'True'}
[0m08:02:30.930396 [info ] [MainThread]: dbt version: 1.8.3
[0m08:02:30.936255 [info ] [MainThread]: python version: 3.12.1
[0m08:02:30.938254 [info ] [MainThread]: python path: C:\Users\thiag\jornada_de_dados\dbtcore_northwind_model\.venv\Scripts\python.exe
[0m08:02:30.938891 [info ] [MainThread]: os info: Windows-11-10.0.22000-SP0
[0m08:02:30.938891 [error] [MainThread]: Encountered an error:
Parsing Error
  Env var required but not provided: 'DB_USER_PROD'
[0m08:02:30.938891 [debug] [MainThread]: Command `dbt debug` failed at 08:02:30.938891 after 0.21 seconds
[0m08:02:30.938891 [debug] [MainThread]: Sending event: {'category': 'dbt', 'action': 'invocation', 'label': 'end', 'context': [<snowplow_tracker.self_describing_json.SelfDescribingJson object at 0x000002E0931D1C40>, <snowplow_tracker.self_describing_json.SelfDescribingJson object at 0x000002E08D483050>, <snowplow_tracker.self_describing_json.SelfDescribingJson object at 0x000002E093433B90>]}
[0m08:02:30.938891 [debug] [MainThread]: Flushing usage events
[0m11:56:19.166070 [debug] [MainThread]: Sending event: {'category': 'dbt', 'action': 'invocation', 'label': 'start', 'context': [<snowplow_tracker.self_describing_json.SelfDescribingJson object at 0x0000020C7D8FBD70>, <snowplow_tracker.self_describing_json.SelfDescribingJson object at 0x0000020C7F9A3B30>, <snowplow_tracker.self_describing_json.SelfDescribingJson object at 0x0000020C7D27F4A0>]}


============================== 11:56:19.179507 | 3cedbfe8-5706-4270-a7d3-cb0046d8af9a ==============================
[0m11:56:19.179507 [info ] [MainThread]: Running with dbt=1.8.3
[0m11:56:19.179507 [debug] [MainThread]: running dbt with arguments {'printer_width': '80', 'indirect_selection': 'eager', 'log_cache_events': 'False', 'write_json': 'True', 'partial_parse': 'True', 'cache_selected_only': 'False', 'warn_error': 'None', 'fail_fast': 'False', 'version_check': 'True', 'log_path': 'logs', 'profiles_dir': 'C:/Users/thiag/jornada_de_dados/dbtcore_northwind_model', 'debug': 'False', 'use_colors': 'True', 'use_experimental_parser': 'False', 'no_print': 'None', 'quiet': 'False', 'empty': 'None', 'warn_error_options': 'WarnErrorOptions(include=[], exclude=[])', 'invocation_command': 'dbt docs generate', 'log_format': 'default', 'static_parser': 'True', 'target_path': 'None', 'introspect': 'True', 'send_anonymous_usage_stats': 'True'}
[0m11:56:19.179507 [error] [MainThread]: Encountered an error:
Runtime Error
  No dbt_project.yml found at expected path C:\Users\thiag\jornada_de_dados\dbtcore_northwind_model\dbt_project.yml
  Verify that each entry within packages.yml (and their transitive dependencies) contains a file named dbt_project.yml
  
[0m11:56:19.192809 [debug] [MainThread]: Command `dbt docs generate` failed at 11:56:19.192204 after 0.27 seconds
[0m11:56:19.192809 [debug] [MainThread]: Sending event: {'category': 'dbt', 'action': 'invocation', 'label': 'end', 'context': [<snowplow_tracker.self_describing_json.SelfDescribingJson object at 0x0000020C7FEB8170>, <snowplow_tracker.self_describing_json.SelfDescribingJson object at 0x0000020C7F92D1F0>, <snowplow_tracker.self_describing_json.SelfDescribingJson object at 0x0000020C7FA93110>]}
[0m11:56:19.192809 [debug] [MainThread]: Flushing usage events
